<?xml version="1.0" encoding="UTF-8"?>
<!-- Generated by org.testng.reporters.JUnitReportReporter -->
<testsuite hostname="DESKTOP-26QQ3F7" failures="0" tests="3" name="Telus.Assessment.UIAutomation" time="6.240" errors="0" timestamp="2022-04-01T20:58:23 IST" skipped="0">
  <testcase classname="Telus.Assessment.UIAutomation" name="openbrowser" time="5.625"/>
  <system-out/>
  <testcase classname="Telus.Assessment.UIAutomation" name="checknull" time="0.176"/>
  <system-out/>
  <testcase classname="Telus.Assessment.UIAutomation" name="enter2char" time="0.439"/>
  <system-out/>
</testsuite> <!-- Telus.Assessment.UIAutomation -->
