<?xml version="1.0" encoding="UTF-8"?>
<!-- Generated by org.testng.reporters.JUnitReportReporter -->
<testsuite hostname="DESKTOP-26QQ3F7" failures="0" tests="10" name="Telus.Assessment.EmailValidation" time="9.371" errors="0" timestamp="2022-04-01T21:18:57 IST" skipped="0">
  <testcase classname="Telus.Assessment.EmailValidation" name="enter2char" time="0.432"/>
  <system-out/>
  <testcase classname="Telus.Assessment.EmailValidation" name="openbrowser" time="6.460"/>
  <system-out/>
  <testcase classname="Telus.Assessment.EmailValidation" name="Uncheckcheckbox" time="0.290"/>
  <system-out/>
  <testcase classname="Telus.Assessment.EmailValidation" name="availabilityInCh" time="0.293"/>
  <system-out/>
  <testcase classname="Telus.Assessment.EmailValidation" name="correctEmailID" time="0.271"/>
  <system-out/>
  <testcase classname="Telus.Assessment.EmailValidation" name="availabilityInNum" time="0.253"/>
  <system-out/>
  <testcase classname="Telus.Assessment.EmailValidation" name="IncorrectEmailID" time="0.226"/>
  <system-out/>
  <testcase classname="Telus.Assessment.EmailValidation" name="checkedCheckbox" time="0.459"/>
  <system-out/>
  <testcase classname="Telus.Assessment.EmailValidation" name="checknull" time="0.174"/>
  <system-out/>
  <testcase classname="Telus.Assessment.EmailValidation" name="enter101char" time="0.513"/>
  <system-out/>
</testsuite> <!-- Telus.Assessment.EmailValidation -->
