<?xml version="1.0" encoding="UTF-8"?>
<!-- Generated by org.testng.reporters.JUnitReportReporter -->
<testsuite hostname="DESKTOP-26QQ3F7" failures="0" tests="1" name="Telus.Assessment.RegistrationForm" time="3.816" errors="0" timestamp="2022-03-23T21:11:44 IST" skipped="0">
  <testcase classname="Telus.Assessment.RegistrationForm" name="ValidatingEmail" time="3.816"/>
  <system-out/>
</testsuite> <!-- Telus.Assessment.RegistrationForm -->
