<?xml version="1.0" encoding="UTF-8"?>
<!-- Generated by org.testng.reporters.JUnitReportReporter -->
<testsuite hostname="DESKTOP-26QQ3F7" failures="0" tests="8" name="Telus.Assessment.CheckFlexibleField" time="8.124" errors="0" timestamp="2022-04-01T20:41:08 IST" skipped="0">
  <testcase classname="Telus.Assessment.CheckFlexibleField" name="enter101char" time="0.523"/>
  <system-out/>
  <testcase classname="Telus.Assessment.CheckFlexibleField" name="checknull" time="0.174"/>
  <system-out/>
  <testcase classname="Telus.Assessment.CheckFlexibleField" name="availabilityInCh" time="0.329"/>
  <system-out/>
  <testcase classname="Telus.Assessment.CheckFlexibleField" name="checkedCheckbox" time="0.355"/>
  <system-out/>
  <testcase classname="Telus.Assessment.CheckFlexibleField" name="openbrowser" time="5.702"/>
  <system-out/>
  <testcase classname="Telus.Assessment.CheckFlexibleField" name="enter2char" time="0.419"/>
  <system-out/>
  <testcase classname="Telus.Assessment.CheckFlexibleField" name="availabilityInNum" time="0.308"/>
  <system-out/>
  <testcase classname="Telus.Assessment.CheckFlexibleField" name="Uncheckcheckbox" time="0.314"/>
  <system-out/>
</testsuite> <!-- Telus.Assessment.CheckFlexibleField -->
