<?xml version="1.0" encoding="UTF-8"?>
<!-- Generated by org.testng.reporters.JUnitReportReporter -->
<testsuite hostname="DESKTOP-26QQ3F7" failures="0" tests="2" name="Telus.Assessment.RegistrationForm" time="5.749" errors="0" timestamp="2022-03-16T20:31:14 IST" skipped="0">
  <testcase classname="Telus.Assessment.RegistrationForm" name="ValidatingEmail" time="3.495"/>
  <system-out/>
  <testcase classname="Telus.Assessment.RegistrationForm" name="CheckAvailability" time="2.254"/>
  <system-out/>
</testsuite> <!-- Telus.Assessment.RegistrationForm -->
